<?xml version="1.0" encoding="UTF-8"?>
<coverage generated="1758024554278" clover="3.2.0">
  <project timestamp="1758024554278" name="All files">
    <metrics statements="3" coveredstatements="3" conditionals="0" coveredconditionals="0" methods="3" coveredmethods="3" elements="6" coveredelements="6" complexity="0" loc="3" ncloc="3" packages="1" files="1" classes="1"/>
    <file name="App.tsx" path="/Users/poojashivach/ci-cd-github/src/App.tsx">
      <metrics statements="3" coveredstatements="3" conditionals="0" coveredconditionals="0" methods="3" coveredmethods="3"/>
      <line num="14" count="5" type="stmt"/>
      <line num="17" count="5" type="stmt"/>
      <line num="42" count="1" type="stmt"/>
    </file>
  </project>
</coverage>
